#-----------------------------------------------------------
# Vivado v2019.2 (64-bit)
# SW Build 2708876 on Wed Nov  6 21:40:23 MST 2019
# IP Build 2700528 on Thu Nov  7 00:09:20 MST 2019
# Start of session at: Sun May  7 09:38:35 2023
# Process ID: 20668
# Current directory: D:/Github/COA_Lab/lab3/MultiCycle
# Command line: vivado.exe -gui_launcher_event rodinguilauncherevent2908 D:\Github\COA_Lab\lab3\MultiCycle\MultiCycle.xpr
# Log file: D:/Github/COA_Lab/lab3/MultiCycle/vivado.log
# Journal file: D:/Github/COA_Lab/lab3/MultiCycle\vivado.jou
#-----------------------------------------------------------
start_gui
open_project D:/Github/COA_Lab/lab3/MultiCycle/MultiCycle.xpr
Scanning sources...
Finished scanning sources
INFO: [IP_Flow 19-234] Refreshing IP repositories
INFO: [IP_Flow 19-1704] No user IP repositories specified
INFO: [IP_Flow 19-2313] Loaded Vivado IP repository 'E:/Xilinx/Vivado/2019.2/data/ip'.
open_project: Time (s): cpu = 00:00:12 ; elapsed = 00:00:06 . Memory (MB): peak = 661.535 ; gain = 57.625
update_compile_order -fileset sources_1
exit
INFO: [Common 17-206] Exiting Vivado at Sun May  7 12:19:02 2023...
